<?xml version="1.0" encoding="UTF-8"?>
<!-- Generated by org.testng.reporters.JUnitReportReporter -->
<testsuite hostname="LAPTOP-A5ISSB3S" failures="0" tests="3" name="com.sgtesting.users.User" time="0.007" errors="0" timestamp="2023-05-01T16:43:12 IST" skipped="0">
  <testcase classname="com.sgtesting.users.User" name="deleteProduct" time="0.001"/>
  <system-out/>
  <testcase classname="com.sgtesting.users.User" name="modifyUser" time="0.002"/>
  <system-out/>
  <testcase classname="com.sgtesting.users.User" name="createUser" time="0.004"/>
  <system-out/>
</testsuite> <!-- com.sgtesting.users.User -->
